#! /usr/bin/vvp
:ivl_version "10.2 (stable)" "(v10_2)";
:ivl_delay_selection "TYPICAL";
:vpi_time_precision + 0;
:vpi_module "system";
:vpi_module "vhdl_sys";
:vpi_module "v2005_math";
:vpi_module "va_math";
S_0x556dd1749280 .scope module, "Test_bench" "Test_bench" 2 48;
 .timescale 0 0;
v0x556dd177b7f0_0 .var "A", 0 0;
v0x556dd177b8b0_0 .var "B", 0 0;
v0x556dd177b970_0 .var "C", 0 0;
v0x556dd177ba10_0 .var "D", 0 0;
v0x556dd177bab0_0 .var/i "count", 31 0;
v0x556dd177bba0_0 .net "out1", 0 0, v0x556dd177a850_0;  1 drivers
v0x556dd177bc40_0 .net "out2", 0 0, v0x556dd177af40_0;  1 drivers
v0x556dd177bce0_0 .net "out3", 0 0, v0x556dd177b680_0;  1 drivers
S_0x556dd1749400 .scope module, "output1" "Out_1" 2 58, 2 4 0, S_0x556dd1749280;
 .timescale 0 0;
    .port_info 0 /INPUT 1 "A"
    .port_info 1 /INPUT 1 "B"
    .port_info 2 /INPUT 1 "C"
    .port_info 3 /INPUT 1 "D"
    .port_info 4 /OUTPUT 1 "out1"
v0x556dd1757640_0 .net "A", 0 0, v0x556dd177b7f0_0;  1 drivers
v0x556dd177a630_0 .net "B", 0 0, v0x556dd177b8b0_0;  1 drivers
v0x556dd177a6f0_0 .net "C", 0 0, v0x556dd177b970_0;  1 drivers
v0x556dd177a790_0 .net "D", 0 0, v0x556dd177ba10_0;  1 drivers
v0x556dd177a850_0 .var "out1", 0 0;
E_0x556dd1713b20 .event edge, v0x556dd1757640_0, v0x556dd177a630_0, v0x556dd177a6f0_0, v0x556dd177a790_0;
S_0x556dd177aa00 .scope module, "output2" "Out_2" 2 59, 2 18 0, S_0x556dd1749280;
 .timescale 0 0;
    .port_info 0 /INPUT 1 "A"
    .port_info 1 /INPUT 1 "B"
    .port_info 2 /INPUT 1 "C"
    .port_info 3 /INPUT 1 "D"
    .port_info 4 /OUTPUT 1 "out2"
v0x556dd177aca0_0 .net "A", 0 0, v0x556dd177b7f0_0;  alias, 1 drivers
v0x556dd177ad60_0 .net "B", 0 0, v0x556dd177b8b0_0;  alias, 1 drivers
v0x556dd177ae00_0 .net "C", 0 0, v0x556dd177b970_0;  alias, 1 drivers
v0x556dd177aea0_0 .net "D", 0 0, v0x556dd177ba10_0;  alias, 1 drivers
v0x556dd177af40_0 .var "out2", 0 0;
E_0x556dd1713b60 .event edge, v0x556dd177a6f0_0, v0x556dd177a790_0, v0x556dd177a630_0, v0x556dd1757640_0;
S_0x556dd177b050 .scope module, "output3" "Out_3" 2 60, 2 32 0, S_0x556dd1749280;
 .timescale 0 0;
    .port_info 0 /INPUT 1 "A"
    .port_info 1 /INPUT 1 "B"
    .port_info 2 /INPUT 1 "C"
    .port_info 3 /INPUT 1 "D"
    .port_info 4 /OUTPUT 1 "out3"
v0x556dd177b2a0_0 .net "A", 0 0, v0x556dd177b7f0_0;  alias, 1 drivers
v0x556dd177b390_0 .net "B", 0 0, v0x556dd177b8b0_0;  alias, 1 drivers
v0x556dd177b4a0_0 .net "C", 0 0, v0x556dd177b970_0;  alias, 1 drivers
v0x556dd177b590_0 .net "D", 0 0, v0x556dd177ba10_0;  alias, 1 drivers
v0x556dd177b680_0 .var "out3", 0 0;
    .scope S_0x556dd1749400;
T_0 ;
    %wait E_0x556dd1713b20;
    %load/vec4 v0x556dd1757640_0;
    %load/vec4 v0x556dd177a630_0;
    %nor/r;
    %or;
    %load/vec4 v0x556dd177a6f0_0;
    %nor/r;
    %and;
    %load/vec4 v0x556dd177a6f0_0;
    %load/vec4 v0x556dd177a790_0;
    %or;
    %and;
    %store/vec4 v0x556dd177a850_0, 0, 1;
    %jmp T_0;
    .thread T_0, $push;
    .scope S_0x556dd177aa00;
T_1 ;
    %wait E_0x556dd1713b60;
    %load/vec4 v0x556dd177ae00_0;
    %nor/r;
    %load/vec4 v0x556dd177aea0_0;
    %and;
    %load/vec4 v0x556dd177ad60_0;
    %load/vec4 v0x556dd177ae00_0;
    %and;
    %load/vec4 v0x556dd177aea0_0;
    %and;
    %or;
    %load/vec4 v0x556dd177ae00_0;
    %load/vec4 v0x556dd177aea0_0;
    %nor/r;
    %and;
    %or;
    %load/vec4 v0x556dd177aca0_0;
    %nor/r;
    %load/vec4 v0x556dd177ad60_0;
    %or;
    %and;
    %store/vec4 v0x556dd177af40_0, 0, 1;
    %jmp T_1;
    .thread T_1, $push;
    .scope S_0x556dd177b050;
T_2 ;
    %wait E_0x556dd1713b20;
    %load/vec4 v0x556dd177b2a0_0;
    %load/vec4 v0x556dd177b390_0;
    %and;
    %load/vec4 v0x556dd177b4a0_0;
    %or;
    %load/vec4 v0x556dd177b590_0;
    %and;
    %load/vec4 v0x556dd177b390_0;
    %nor/r;
    %load/vec4 v0x556dd177b4a0_0;
    %and;
    %or;
    %store/vec4 v0x556dd177b680_0, 0, 1;
    %jmp T_2;
    .thread T_2, $push;
    .scope S_0x556dd1749280;
T_3 ;
    %vpi_call 2 63 "$display", "          #|A|B|C|D||1|2|3|" {0 0 0};
    %vpi_call 2 64 "$display", "===========+=+=+=+=++=+=+=+" {0 0 0};
    %pushi/vec4 0, 0, 32;
    %store/vec4 v0x556dd177bab0_0, 0, 32;
    %delay 1, 0;
    %vpi_call 2 67 "$display", "%d|%b|%b|%b|%b||%b|%b|%b|", v0x556dd177bab0_0, v0x556dd177b7f0_0, v0x556dd177b8b0_0, v0x556dd177b970_0, v0x556dd177ba10_0, v0x556dd177bba0_0, v0x556dd177bc40_0, v0x556dd177bce0_0 {0 0 0};
T_3.0 ;
    %load/vec4 v0x556dd177bab0_0;
    %addi 1, 0, 32;
    %store/vec4 v0x556dd177bab0_0, 0, 32;
    %delay 2, 0;
    %vpi_call 2 70 "$display", "%d|%b|%b|%b|%b||%b|%b|%b|", v0x556dd177bab0_0, v0x556dd177b7f0_0, v0x556dd177b8b0_0, v0x556dd177b970_0, v0x556dd177ba10_0, v0x556dd177bba0_0, v0x556dd177bc40_0, v0x556dd177bce0_0 {0 0 0};
    %jmp T_3.0;
    %end;
    .thread T_3;
    .scope S_0x556dd1749280;
T_4 ;
    %pushi/vec4 0, 0, 1;
    %store/vec4 v0x556dd177b7f0_0, 0, 1;
    %delay 16, 0;
    %pushi/vec4 1, 0, 1;
    %store/vec4 v0x556dd177b7f0_0, 0, 1;
    %end;
    .thread T_4;
    .scope S_0x556dd1749280;
T_5 ;
    %pushi/vec4 0, 0, 1;
    %store/vec4 v0x556dd177b8b0_0, 0, 1;
T_5.0 ;
    %delay 8, 0;
    %pushi/vec4 1, 0, 1;
    %store/vec4 v0x556dd177b8b0_0, 0, 1;
    %delay 8, 0;
    %pushi/vec4 0, 0, 1;
    %store/vec4 v0x556dd177b8b0_0, 0, 1;
    %jmp T_5.0;
    %end;
    .thread T_5;
    .scope S_0x556dd1749280;
T_6 ;
    %pushi/vec4 0, 0, 1;
    %store/vec4 v0x556dd177b970_0, 0, 1;
T_6.0 ;
    %delay 4, 0;
    %pushi/vec4 1, 0, 1;
    %store/vec4 v0x556dd177b970_0, 0, 1;
    %delay 4, 0;
    %pushi/vec4 0, 0, 1;
    %store/vec4 v0x556dd177b970_0, 0, 1;
    %jmp T_6.0;
    %end;
    .thread T_6;
    .scope S_0x556dd1749280;
T_7 ;
    %pushi/vec4 0, 0, 1;
    %store/vec4 v0x556dd177ba10_0, 0, 1;
T_7.0 ;
    %delay 2, 0;
    %pushi/vec4 1, 0, 1;
    %store/vec4 v0x556dd177ba10_0, 0, 1;
    %delay 2, 0;
    %pushi/vec4 0, 0, 1;
    %store/vec4 v0x556dd177ba10_0, 0, 1;
    %jmp T_7.0;
    %end;
    .thread T_7;
    .scope S_0x556dd1749280;
T_8 ;
    %delay 32, 0;
    %vpi_call 2 105 "$finish" {0 0 0};
    %end;
    .thread T_8;
# The file index is used to find the file name in the following table.
:file_names 3;
    "N/A";
    "<interactive>";
    "Team Dan and 3 Others.Program.v";
