This file contains any messages produced by compilers while
running configure, to aid debugging if configure makes a mistake.

It was created by configure, which was
generated by GNU Autoconf 2.69.  Invocation command line was

  $ ./configure --prefix=/home/013/d/ds/dsc160130/ext/tclap

## --------- ##
## Platform. ##
## --------- ##

hostname = cslinux1.utdallas.edu
uname -m = x86_64
uname -r = 3.10.0-693.11.6.el7.x86_64
uname -s = Linux
uname -v = #1 SMP Thu Jan 4 01:06:37 UTC 2018

/usr/bin/uname -p = x86_64
/bin/uname -X     = unknown

/bin/arch              = x86_64
/usr/bin/arch -k       = unknown
/usr/convex/getsysinfo = unknown
/usr/bin/hostinfo      = unknown
/bin/machine           = unknown
/usr/bin/oslevel       = unknown
/bin/universe          = unknown

PATH: /usr/kerberos/bin
PATH: /usr/local/bin
PATH: /bin
PATH: /usr/bin


## ----------- ##
## Core tests. ##
## ----------- ##

configure:2081: checking for a BSD-compatible install
configure:2149: result: /bin/install -c
configure:2160: checking whether build environment is sane
configure:2215: result: yes
configure:2253: WARNING: 'missing' script is too old or missing
configure:2366: checking for a thread-safe mkdir -p
configure:2405: result: /bin/mkdir -p
configure:2412: checking for gawk
configure:2428: found /bin/gawk
configure:2439: result: gawk
configure:2450: checking whether make sets $(MAKE)
configure:2472: result: yes
configure:2501: checking whether make supports nested variables
configure:2518: result: yes
configure:2703: checking for g++
configure:2719: found /bin/g++
configure:2730: result: g++
configure:2757: checking for C++ compiler version
configure:2766: g++ --version >&5
g++ (GCC) 4.8.5 20150623 (Red Hat 4.8.5-16)
Copyright (C) 2015 Free Software Foundation, Inc.
This is free software; see the source for copying conditions.  There is NO
warranty; not even for MERCHANTABILITY or FITNESS FOR A PARTICULAR PURPOSE.

configure:2777: $? = 0
configure:2766: g++ -v >&5
Using built-in specs.
COLLECT_GCC=g++
COLLECT_LTO_WRAPPER=/usr/libexec/gcc/x86_64-redhat-linux/4.8.5/lto-wrapper
Target: x86_64-redhat-linux
Configured with: ../configure --prefix=/usr --mandir=/usr/share/man --infodir=/usr/share/info --with-bugurl=http://bugzilla.redhat.com/bugzilla --enable-bootstrap --enable-shared --enable-threads=posix --enable-checking=release --with-system-zlib --enable-__cxa_atexit --disable-libunwind-exceptions --enable-gnu-unique-object --enable-linker-build-id --with-linker-hash-style=gnu --enable-languages=c,c++,objc,obj-c++,java,fortran,ada,go,lto --enable-plugin --enable-initfini-array --disable-libgcj --with-isl=/builddir/build/BUILD/gcc-4.8.5-20150702/obj-x86_64-redhat-linux/isl-install --with-cloog=/builddir/build/BUILD/gcc-4.8.5-20150702/obj-x86_64-redhat-linux/cloog-install --enable-gnu-indirect-function --with-tune=generic --with-arch_32=x86-64 --build=x86_64-redhat-linux
Thread model: posix
gcc version 4.8.5 20150623 (Red Hat 4.8.5-16) (GCC) 
configure:2777: $? = 0
configure:2766: g++ -V >&5
g++: error: unrecognized command line option '-V'
g++: fatal error: no input files
compilation terminated.
configure:2777: $? = 4
configure:2766: g++ -qversion >&5
g++: error: unrecognized command line option '-qversion'
g++: fatal error: no input files
compilation terminated.
configure:2777: $? = 4
configure:2797: checking whether the C++ compiler works
configure:2819: g++    conftest.cpp  >&5
configure:2823: $? = 0
configure:2871: result: yes
configure:2874: checking for C++ compiler default output file name
configure:2876: result: a.out
configure:2882: checking for suffix of executables
configure:2889: g++ -o conftest    conftest.cpp  >&5
configure:2893: $? = 0
configure:2915: result: 
configure:2937: checking whether we are cross compiling
configure:2945: g++ -o conftest    conftest.cpp  >&5
configure:2949: $? = 0
configure:2956: ./conftest
configure:2960: $? = 0
configure:2975: result: no
configure:2980: checking for suffix of object files
configure:3002: g++ -c   conftest.cpp >&5
configure:3006: $? = 0
configure:3027: result: o
configure:3031: checking whether we are using the GNU C++ compiler
configure:3050: g++ -c   conftest.cpp >&5
configure:3050: $? = 0
configure:3059: result: yes
configure:3068: checking whether g++ accepts -g
configure:3088: g++ -c -g  conftest.cpp >&5
configure:3088: $? = 0
configure:3129: result: yes
configure:3163: checking for style of include used by make
configure:3191: result: GNU
configure:3217: checking dependency style of g++
configure:3328: result: gcc3
configure:3344: checking whether the compiler implements namespaces
configure:3367: g++ -c -g -O2  conftest.cpp >&5
configure:3367: $? = 0
configure:3381: result: yes
configure:3394: checking how to run the C++ preprocessor
configure:3421: g++ -E  conftest.cpp
configure:3421: $? = 0
configure:3435: g++ -E  conftest.cpp
conftest.cpp:12:28: fatal error: ac_nonexistent.h: No such file or directory
 #include <ac_nonexistent.h>
                            ^
compilation terminated.
configure:3435: $? = 1
configure: failed program was:
| /* confdefs.h */
| #define PACKAGE_NAME ""
| #define PACKAGE_TARNAME ""
| #define PACKAGE_VERSION ""
| #define PACKAGE_STRING ""
| #define PACKAGE_BUGREPORT ""
| #define PACKAGE_URL ""
| #define PACKAGE "tclap"
| #define VERSION "1.2.2"
| #define HAVE_NAMESPACES 1
| /* end confdefs.h.  */
| #include <ac_nonexistent.h>
configure:3460: result: g++ -E
configure:3480: g++ -E  conftest.cpp
configure:3480: $? = 0
configure:3494: g++ -E  conftest.cpp
conftest.cpp:12:28: fatal error: ac_nonexistent.h: No such file or directory
 #include <ac_nonexistent.h>
                            ^
compilation terminated.
configure:3494: $? = 1
configure: failed program was:
| /* confdefs.h */
| #define PACKAGE_NAME ""
| #define PACKAGE_TARNAME ""
| #define PACKAGE_VERSION ""
| #define PACKAGE_STRING ""
| #define PACKAGE_BUGREPORT ""
| #define PACKAGE_URL ""
| #define PACKAGE "tclap"
| #define VERSION "1.2.2"
| #define HAVE_NAMESPACES 1
| /* end confdefs.h.  */
| #include <ac_nonexistent.h>
configure:3523: checking for grep that handles long lines and -e
configure:3581: result: /bin/grep
configure:3586: checking for egrep
configure:3648: result: /bin/grep -E
configure:3653: checking for ANSI C header files
configure:3673: g++ -c -g -O2  conftest.cpp >&5
configure:3673: $? = 0
configure:3746: g++ -o conftest -g -O2   conftest.cpp  >&5
configure:3746: $? = 0
configure:3746: ./conftest
configure:3746: $? = 0
configure:3757: result: yes
configure:3770: checking for sys/types.h
configure:3770: g++ -c -g -O2  conftest.cpp >&5
configure:3770: $? = 0
configure:3770: result: yes
configure:3770: checking for sys/stat.h
configure:3770: g++ -c -g -O2  conftest.cpp >&5
configure:3770: $? = 0
configure:3770: result: yes
configure:3770: checking for stdlib.h
configure:3770: g++ -c -g -O2  conftest.cpp >&5
configure:3770: $? = 0
configure:3770: result: yes
configure:3770: checking for string.h
configure:3770: g++ -c -g -O2  conftest.cpp >&5
configure:3770: $? = 0
configure:3770: result: yes
configure:3770: checking for memory.h
configure:3770: g++ -c -g -O2  conftest.cpp >&5
configure:3770: $? = 0
configure:3770: result: yes
configure:3770: checking for strings.h
configure:3770: g++ -c -g -O2  conftest.cpp >&5
configure:3770: $? = 0
configure:3770: result: yes
configure:3770: checking for inttypes.h
configure:3770: g++ -c -g -O2  conftest.cpp >&5
configure:3770: $? = 0
configure:3770: result: yes
configure:3770: checking for stdint.h
configure:3770: g++ -c -g -O2  conftest.cpp >&5
configure:3770: $? = 0
configure:3770: result: yes
configure:3770: checking for unistd.h
configure:3770: g++ -c -g -O2  conftest.cpp >&5
configure:3770: $? = 0
configure:3770: result: yes
configure:3792: checking sstream usability
configure:3792: g++ -c -g -O2  conftest.cpp >&5
configure:3792: $? = 0
configure:3792: result: yes
configure:3792: checking sstream presence
configure:3792: g++ -E  conftest.cpp
configure:3792: $? = 0
configure:3792: result: yes
configure:3792: checking for sstream
configure:3792: result: yes
configure:3802: checking whether the STL defines stringstream
configure:3821: g++ -c -g -O2  conftest.cpp >&5
configure:3821: $? = 0
configure:3829: result: yes
configure:3853: checking strstream usability
configure:3853: g++ -c -g -O2  conftest.cpp >&5
In file included from /usr/include/c++/4.8.2/backward/strstream:51:0,
                 from conftest.cpp:57:
/usr/include/c++/4.8.2/backward/backward_warning.h:32:2: warning: #warning This file includes at least one deprecated or antiquated header which may be removed without further notice at a future date. Please use a non-deprecated interface with equivalent functionality instead. For a listing of replacement headers and interfaces, consult the file backward_warning.h. To disable this warning use -Wno-deprecated. [-Wcpp]
 #warning \
  ^
configure:3853: $? = 0
configure:3853: result: yes
configure:3853: checking strstream presence
configure:3853: g++ -E  conftest.cpp
In file included from /usr/include/c++/4.8.2/backward/strstream:51:0,
                 from conftest.cpp:24:
/usr/include/c++/4.8.2/backward/backward_warning.h:32:2: warning: #warning This file includes at least one deprecated or antiquated header which may be removed without further notice at a future date. Please use a non-deprecated interface with equivalent functionality instead. For a listing of replacement headers and interfaces, consult the file backward_warning.h. To disable this warning use -Wno-deprecated. [-Wcpp]
 #warning \
  ^
configure:3853: $? = 0
configure:3853: result: yes
configure:3853: checking for strstream
configure:3853: result: yes
configure:3863: checking whether the STL defines strstream
configure:3886: g++ -c -g -O2  conftest.cpp >&5
In file included from /usr/include/c++/4.8.2/backward/strstream:51:0,
                 from conftest.cpp:26:
/usr/include/c++/4.8.2/backward/backward_warning.h:32:2: warning: #warning This file includes at least one deprecated or antiquated header which may be removed without further notice at a future date. Please use a non-deprecated interface with equivalent functionality instead. For a listing of replacement headers and interfaces, consult the file backward_warning.h. To disable this warning use -Wno-deprecated. [-Wcpp]
 #warning \
  ^
configure:3886: $? = 0
configure:3894: result: yes
configure:3926: g++ -c -g -O2  conftest.cpp >&5
configure:3926: $? = 0
configure:3951: checking for dot
configure:3967: found /usr/local/bin/dot
configure:3979: result: YES
configure:4030: checking for ranlib
configure:4046: found /bin/ranlib
configure:4057: result: ranlib
configure:4091: checking for doxygen
configure:4109: found /bin/doxygen
configure:4121: result: /bin/doxygen
configure:4150: checking whether the C++ compiler (g++) accepts -Weffc++
configure:4176: g++ -c -g -O2 -Weffc++  conftest.cpp >&5
configure:4176: $? = 0
configure:4192: result: yes
configure:4324: checking that generated files are newer than configure
configure:4330: result: done
configure:4361: creating ./config.status

## ---------------------- ##
## Running config.status. ##
## ---------------------- ##

This file was extended by config.status, which was
generated by GNU Autoconf 2.69.  Invocation command line was

  CONFIG_FILES    = 
  CONFIG_HEADERS  = 
  CONFIG_LINKS    = 
  CONFIG_COMMANDS = 
  $ ./config.status 

on cslinux1.utdallas.edu

config.status:878: creating Makefile
config.status:878: creating tclap.pc
config.status:878: creating examples/Makefile
config.status:878: creating include/Makefile
config.status:878: creating include/tclap/Makefile
config.status:878: creating config/Makefile
config.status:878: creating docs/Makefile
config.status:878: creating docs/Doxyfile
config.status:878: creating msc/Makefile
config.status:878: creating msc/examples/Makefile
config.status:878: creating tests/Makefile
config.status:878: creating config/config.h
config.status:1107: executing depfiles commands
config.status:1107: executing default commands

## ---------------- ##
## Cache variables. ##
## ---------------- ##

ac_cv_cxx_compiler_gnu=yes
ac_cv_cxx_have_class_strstream=yes
ac_cv_cxx_have_long_long=yes
ac_cv_cxx_have_sstream=yes
ac_cv_cxx_namespaces=yes
ac_cv_env_CCC_set=
ac_cv_env_CCC_value=
ac_cv_env_CPPFLAGS_set=
ac_cv_env_CPPFLAGS_value=
ac_cv_env_CXXCPP_set=
ac_cv_env_CXXCPP_value=
ac_cv_env_CXXFLAGS_set=
ac_cv_env_CXXFLAGS_value=
ac_cv_env_CXX_set=
ac_cv_env_CXX_value=
ac_cv_env_LDFLAGS_set=
ac_cv_env_LDFLAGS_value=
ac_cv_env_LIBS_set=
ac_cv_env_LIBS_value=
ac_cv_env_build_alias_set=
ac_cv_env_build_alias_value=
ac_cv_env_host_alias_set=
ac_cv_env_host_alias_value=
ac_cv_env_target_alias_set=
ac_cv_env_target_alias_value=
ac_cv_header_inttypes_h=yes
ac_cv_header_memory_h=yes
ac_cv_header_sstream=yes
ac_cv_header_stdc=yes
ac_cv_header_stdint_h=yes
ac_cv_header_stdlib_h=yes
ac_cv_header_string_h=yes
ac_cv_header_strings_h=yes
ac_cv_header_strstream=yes
ac_cv_header_sys_stat_h=yes
ac_cv_header_sys_types_h=yes
ac_cv_header_unistd_h=yes
ac_cv_objext=o
ac_cv_path_DOXYGEN=/bin/doxygen
ac_cv_path_EGREP='/bin/grep -E'
ac_cv_path_GREP=/bin/grep
ac_cv_path_install='/bin/install -c'
ac_cv_path_mkdir=/bin/mkdir
ac_cv_prog_AWK=gawk
ac_cv_prog_CXXCPP='g++ -E'
ac_cv_prog_DOT=YES
ac_cv_prog_ac_ct_CXX=g++
ac_cv_prog_ac_ct_RANLIB=ranlib
ac_cv_prog_cxx_g=yes
ac_cv_prog_make_make_set=yes
am_cv_CXX_dependencies_compiler_type=gcc3
am_cv_make_support_nested_variables=yes

## ----------------- ##
## Output variables. ##
## ----------------- ##

ACLOCAL='aclocal-1.14'
AMDEPBACKSLASH='\'
AMDEP_FALSE='#'
AMDEP_TRUE=''
AMTAR='$${TAR-tar}'
AM_BACKSLASH='\'
AM_DEFAULT_V='$(AM_DEFAULT_VERBOSITY)'
AM_DEFAULT_VERBOSITY='1'
AM_V='$(V)'
AUTOCONF='autoconf'
AUTOHEADER='autoheader'
AUTOMAKE='automake-1.14'
AWK='gawk'
CPPFLAGS=''
CXX='g++'
CXXCPP='g++ -E'
CXXDEPMODE='depmode=gcc3'
CXXFLAGS='-g -O2 -Weffc++'
CYGPATH_W='echo'
DEFS='-DHAVE_CONFIG_H'
DEPDIR='.deps'
DOC_FALSE='#'
DOC_TRUE=''
DOT='YES'
DOXYGEN='/bin/doxygen'
ECHO_C=''
ECHO_N='-n'
ECHO_T=''
EGREP='/bin/grep -E'
EXEEXT=''
GREP='/bin/grep'
HAVE_GNU_COMPILERS_FALSE='#'
HAVE_GNU_COMPILERS_TRUE=''
INSTALL_DATA='${INSTALL} -m 644'
INSTALL_PROGRAM='${INSTALL}'
INSTALL_SCRIPT='${INSTALL}'
INSTALL_STRIP_PROGRAM='$(install_sh) -c -s'
LDFLAGS=''
LIBOBJS=''
LIBS=''
LTLIBOBJS=''
MAKEINFO='makeinfo'
MKDIR_P='/bin/mkdir -p'
OBJEXT='o'
PACKAGE='tclap'
PACKAGE_BUGREPORT=''
PACKAGE_NAME=''
PACKAGE_STRING=''
PACKAGE_TARNAME=''
PACKAGE_URL=''
PACKAGE_VERSION=''
PATH_SEPARATOR=':'
RANLIB='ranlib'
SET_MAKE=''
SHELL='/bin/sh'
STRIP=''
VERSION='1.2.2'
WARN_EFFECTIVE_CXX='-Weffc++'
WARN_NO_EFFECTIVE_CXX='-Wno-effc++'
ac_ct_CXX='g++'
am__EXEEXT_FALSE=''
am__EXEEXT_TRUE='#'
am__fastdepCXX_FALSE='#'
am__fastdepCXX_TRUE=''
am__include='include'
am__isrc=''
am__leading_dot='.'
am__nodep='_no'
am__quote=''
am__tar='$${TAR-tar} chof - "$$tardir"'
am__untar='$${TAR-tar} xf -'
bindir='${exec_prefix}/bin'
build_alias=''
datadir='${datarootdir}'
datarootdir='${prefix}/share'
docdir='${datarootdir}/doc/${PACKAGE}'
dvidir='${docdir}'
exec_prefix='${prefix}'
host_alias=''
htmldir='${docdir}'
includedir='${prefix}/include'
infodir='${datarootdir}/info'
install_sh='${SHELL} /home/013/d/ds/dsc160130/cpp_workspace/Homework/tars/tclap-1.2.2/config/install-sh'
libdir='${exec_prefix}/lib'
libexecdir='${exec_prefix}/libexec'
localedir='${datarootdir}/locale'
localstatedir='${prefix}/var'
mandir='${datarootdir}/man'
mkdir_p='$(MKDIR_P)'
oldincludedir='/usr/include'
pdfdir='${docdir}'
prefix='/home/013/d/ds/dsc160130/ext/tclap'
program_transform_name='s,x,x,'
psdir='${docdir}'
sbindir='${exec_prefix}/sbin'
sharedstatedir='${prefix}/com'
sysconfdir='${prefix}/etc'
target_alias=''

## ----------- ##
## confdefs.h. ##
## ----------- ##

/* confdefs.h */
#define PACKAGE_NAME ""
#define PACKAGE_TARNAME ""
#define PACKAGE_VERSION ""
#define PACKAGE_STRING ""
#define PACKAGE_BUGREPORT ""
#define PACKAGE_URL ""
#define PACKAGE "tclap"
#define VERSION "1.2.2"
#define HAVE_NAMESPACES 1
#define STDC_HEADERS 1
#define HAVE_SYS_TYPES_H 1
#define HAVE_SYS_STAT_H 1
#define HAVE_STDLIB_H 1
#define HAVE_STRING_H 1
#define HAVE_MEMORY_H 1
#define HAVE_STRINGS_H 1
#define HAVE_INTTYPES_H 1
#define HAVE_STDINT_H 1
#define HAVE_UNISTD_H 1
#define HAVE_SSTREAM 1
#define HAVE_SSTREAM 1
#define HAVE_STRSTREAM 1
#define HAVE_CLASS_STRSTREAM 1
#define HAVE_LONG_LONG 1

configure: exit 0
